17:33:29.557 [INFO ] [Engine] PIX Engine Ultimate v6.0 initializing...
17:33:29.557 [INFO ] [Engine] Cache configured: 1000 entries, 256 MB
17:33:29.557 [INFO ] [Engine] Initializing core systems...
17:33:29.557 [INFO ] [Engine] Engine initialization complete
17:33:29.557 [INFO ] [Main] Engine initialized successfully
17:33:29.557 [INFO ] [Main] Creating test assets...
17:33:29.557 [DEBUG] [Cache] Stored entry for key, size: 240 bytes
17:33:29.557 [DEBUG] [Cache] Stored fallback entry, quality level: 1
17:33:29.557 [DEBUG] [Engine] Generated LOD 1 for mesh TestCube
17:33:29.557 [DEBUG] [Cache] Stored fallback entry, quality level: 2
17:33:29.557 [DEBUG] [Engine] Generated LOD 2 for mesh TestCube
17:33:29.557 [DEBUG] [Cache] Stored fallback entry, quality level: 3
17:33:29.557 [DEBUG] [Engine] Generated LOD 3 for mesh TestCube
17:33:29.557 [INFO ] [Engine] Created mesh 'TestCube' with 8 vertices
17:33:29.557 [INFO ] [Main] Testing fallback cache system...
17:33:29.557 [DEBUG] [Cache] Stored entry for key, size: 240 bytes
17:33:29.557 [DEBUG] [Cache] Stored fallback entry, quality level: 1
17:33:29.557 [DEBUG] [Engine] Generated LOD 1 for mesh TestMesh_0
17:33:29.557 [DEBUG] [Cache] Stored fallback entry, quality level: 2
17:33:29.557 [DEBUG] [Engine] Generated LOD 2 for mesh TestMesh_0
17:33:29.557 [DEBUG] [Cache] Stored fallback entry, quality level: 3
17:33:29.557 [DEBUG] [Engine] Generated LOD 3 for mesh TestMesh_0
17:33:29.557 [INFO ] [Engine] Created mesh 'TestMesh_0' with 8 vertices
17:33:29.557 [DEBUG] [Cache] Stored entry for key, size: 240 bytes
17:33:29.558 [DEBUG] [Cache] Stored fallback entry, quality level: 1
17:33:29.558 [DEBUG] [Engine] Generated LOD 1 for mesh TestMesh_1
17:33:29.558 [DEBUG] [Cache] Stored fallback entry, quality level: 2
17:33:29.558 [DEBUG] [Engine] Generated LOD 2 for mesh TestMesh_1
17:33:29.558 [DEBUG] [Cache] Stored fallback entry, quality level: 3
17:33:29.558 [DEBUG] [Engine] Generated LOD 3 for mesh TestMesh_1
17:33:29.558 [INFO ] [Engine] Created mesh 'TestMesh_1' with 8 vertices
17:33:29.558 [DEBUG] [Cache] Stored entry for key, size: 240 bytes
17:33:29.558 [DEBUG] [Cache] Stored fallback entry, quality level: 1
17:33:29.558 [DEBUG] [Engine] Generated LOD 1 for mesh TestMesh_2
17:33:29.558 [DEBUG] [Cache] Stored fallback entry, quality level: 2
17:33:29.558 [DEBUG] [Engine] Generated LOD 2 for mesh TestMesh_2
17:33:29.558 [DEBUG] [Cache] Stored fallback entry, quality level: 3
17:33:29.558 [DEBUG] [Engine] Generated LOD 3 for mesh TestMesh_2
17:33:29.558 [INFO ] [Engine] Created mesh 'TestMesh_2' with 8 vertices
17:33:29.558 [DEBUG] [Cache] Stored entry for key, size: 240 bytes
17:33:29.558 [DEBUG] [Cache] Stored fallback entry, quality level: 1
17:33:29.558 [DEBUG] [Engine] Generated LOD 1 for mesh TestMesh_3
17:33:29.558 [DEBUG] [Cache] Stored fallback entry, quality level: 2
17:33:29.558 [DEBUG] [Engine] Generated LOD 2 for mesh TestMesh_3
17:33:29.558 [DEBUG] [Cache] Stored fallback entry, quality level: 3
17:33:29.558 [DEBUG] [Engine] Generated LOD 3 for mesh TestMesh_3
17:33:29.558 [INFO ] [Engine] Created mesh 'TestMesh_3' with 8 vertices
17:33:29.558 [DEBUG] [Cache] Stored entry for key, size: 240 bytes
17:33:29.558 [DEBUG] [Cache] Stored fallback entry, quality level: 1
17:33:29.558 [DEBUG] [Engine] Generated LOD 1 for mesh TestMesh_4
17:33:29.558 [DEBUG] [Cache] Stored fallback entry, quality level: 2
17:33:29.558 [DEBUG] [Engine] Generated LOD 2 for mesh TestMesh_4
17:33:29.558 [DEBUG] [Cache] Stored fallback entry, quality level: 3
17:33:29.558 [DEBUG] [Engine] Generated LOD 3 for mesh TestMesh_4
17:33:29.558 [INFO ] [Engine] Created mesh 'TestMesh_4' with 8 vertices
17:33:29.558 [DEBUG] [Cache] Stored entry for key, size: 240 bytes
17:33:29.558 [DEBUG] [Cache] Stored fallback entry, quality level: 1
17:33:29.558 [DEBUG] [Engine] Generated LOD 1 for mesh TestMesh_5
17:33:29.558 [DEBUG] [Cache] Stored fallback entry, quality level: 2
17:33:29.558 [DEBUG] [Engine] Generated LOD 2 for mesh TestMesh_5
17:33:29.558 [DEBUG] [Cache] Stored fallback entry, quality level: 3
17:33:29.558 [DEBUG] [Engine] Generated LOD 3 for mesh TestMesh_5
17:33:29.558 [INFO ] [Engine] Created mesh 'TestMesh_5' with 8 vertices
17:33:29.558 [DEBUG] [Cache] Stored entry for key, size: 240 bytes
17:33:29.558 [DEBUG] [Cache] Stored fallback entry, quality level: 1
17:33:29.558 [DEBUG] [Engine] Generated LOD 1 for mesh TestMesh_6
17:33:29.558 [DEBUG] [Cache] Stored fallback entry, quality level: 2
17:33:29.558 [DEBUG] [Engine] Generated LOD 2 for mesh TestMesh_6
17:33:29.558 [DEBUG] [Cache] Stored fallback entry, quality level: 3
17:33:29.558 [DEBUG] [Engine] Generated LOD 3 for mesh TestMesh_6
17:33:29.558 [INFO ] [Engine] Created mesh 'TestMesh_6' with 8 vertices
17:33:29.558 [DEBUG] [Cache] Stored entry for key, size: 240 bytes
17:33:29.558 [DEBUG] [Cache] Stored fallback entry, quality level: 1
17:33:29.558 [DEBUG] [Engine] Generated LOD 1 for mesh TestMesh_7
17:33:29.558 [DEBUG] [Cache] Stored fallback entry, quality level: 2
17:33:29.558 [DEBUG] [Engine] Generated LOD 2 for mesh TestMesh_7
17:33:29.558 [DEBUG] [Cache] Stored fallback entry, quality level: 3
17:33:29.558 [DEBUG] [Engine] Generated LOD 3 for mesh TestMesh_7
17:33:29.558 [INFO ] [Engine] Created mesh 'TestMesh_7' with 8 vertices
17:33:29.558 [DEBUG] [Cache] Stored entry for key, size: 240 bytes
17:33:29.558 [DEBUG] [Cache] Stored fallback entry, quality level: 1
17:33:29.558 [DEBUG] [Engine] Generated LOD 1 for mesh TestMesh_8
17:33:29.558 [DEBUG] [Cache] Stored fallback entry, quality level: 2
17:33:29.558 [DEBUG] [Engine] Generated LOD 2 for mesh TestMesh_8
17:33:29.558 [DEBUG] [Cache] Stored fallback entry, quality level: 3
17:33:29.558 [DEBUG] [Engine] Generated LOD 3 for mesh TestMesh_8
17:33:29.558 [INFO ] [Engine] Created mesh 'TestMesh_8' with 8 vertices
17:33:29.558 [DEBUG] [Cache] Stored entry for key, size: 240 bytes
17:33:29.558 [DEBUG] [Cache] Stored fallback entry, quality level: 1
17:33:29.558 [DEBUG] [Engine] Generated LOD 1 for mesh TestMesh_9
17:33:29.558 [DEBUG] [Cache] Stored fallback entry, quality level: 2
17:33:29.558 [DEBUG] [Engine] Generated LOD 2 for mesh TestMesh_9
17:33:29.558 [DEBUG] [Cache] Stored fallback entry, quality level: 3
17:33:29.558 [DEBUG] [Engine] Generated LOD 3 for mesh TestMesh_9
17:33:29.558 [INFO ] [Engine] Created mesh 'TestMesh_9' with 8 vertices
17:33:29.558 [DEBUG] [Cache] Stored entry for key, size: 240 bytes
17:33:29.558 [DEBUG] [Cache] Stored fallback entry, quality level: 1
17:33:29.558 [DEBUG] [Engine] Generated LOD 1 for mesh TestMesh_10
17:33:29.558 [DEBUG] [Cache] Stored fallback entry, quality level: 2
17:33:29.558 [DEBUG] [Engine] Generated LOD 2 for mesh TestMesh_10
17:33:29.558 [DEBUG] [Cache] Stored fallback entry, quality level: 3
17:33:29.558 [DEBUG] [Engine] Generated LOD 3 for mesh TestMesh_10
17:33:29.558 [INFO ] [Engine] Created mesh 'TestMesh_10' with 8 vertices
17:33:29.558 [DEBUG] [Cache] Stored entry for key, size: 240 bytes
17:33:29.558 [DEBUG] [Cache] Stored fallback entry, quality level: 1
17:33:29.558 [DEBUG] [Engine] Generated LOD 1 for mesh TestMesh_11
17:33:29.558 [DEBUG] [Cache] Stored fallback entry, quality level: 2
17:33:29.558 [DEBUG] [Engine] Generated LOD 2 for mesh TestMesh_11
17:33:29.558 [DEBUG] [Cache] Stored fallback entry, quality level: 3
17:33:29.558 [DEBUG] [Engine] Generated LOD 3 for mesh TestMesh_11
17:33:29.558 [INFO ] [Engine] Created mesh 'TestMesh_11' with 8 vertices
17:33:29.558 [DEBUG] [Cache] Stored entry for key, size: 240 bytes
17:33:29.558 [DEBUG] [Cache] Stored fallback entry, quality level: 1
17:33:29.558 [DEBUG] [Engine] Generated LOD 1 for mesh TestMesh_12
17:33:29.558 [DEBUG] [Cache] Stored fallback entry, quality level: 2
17:33:29.558 [DEBUG] [Engine] Generated LOD 2 for mesh TestMesh_12
17:33:29.558 [DEBUG] [Cache] Stored fallback entry, quality level: 3
17:33:29.558 [DEBUG] [Engine] Generated LOD 3 for mesh TestMesh_12
17:33:29.558 [INFO ] [Engine] Created mesh 'TestMesh_12' with 8 vertices
17:33:29.558 [DEBUG] [Cache] Stored entry for key, size: 240 bytes
17:33:29.558 [DEBUG] [Cache] Stored fallback entry, quality level: 1
17:33:29.558 [DEBUG] [Engine] Generated LOD 1 for mesh TestMesh_13
17:33:29.558 [DEBUG] [Cache] Stored fallback entry, quality level: 2
17:33:29.558 [DEBUG] [Engine] Generated LOD 2 for mesh TestMesh_13
17:33:29.558 [DEBUG] [Cache] Stored fallback entry, quality level: 3
17:33:29.558 [DEBUG] [Engine] Generated LOD 3 for mesh TestMesh_13
17:33:29.558 [INFO ] [Engine] Created mesh 'TestMesh_13' with 8 vertices
17:33:29.558 [DEBUG] [Cache] Stored entry for key, size: 240 bytes
17:33:29.558 [DEBUG] [Cache] Stored fallback entry, quality level: 1
17:33:29.558 [DEBUG] [Engine] Generated LOD 1 for mesh TestMesh_14
17:33:29.558 [DEBUG] [Cache] Stored fallback entry, quality level: 2
17:33:29.558 [DEBUG] [Engine] Generated LOD 2 for mesh TestMesh_14
17:33:29.558 [DEBUG] [Cache] Stored fallback entry, quality level: 3
17:33:29.558 [DEBUG] [Engine] Generated LOD 3 for mesh TestMesh_14
17:33:29.558 [INFO ] [Engine] Created mesh 'TestMesh_14' with 8 vertices
17:33:29.558 [DEBUG] [Cache] Stored entry for key, size: 240 bytes
17:33:29.558 [DEBUG] [Cache] Stored fallback entry, quality level: 1
17:33:29.558 [DEBUG] [Engine] Generated LOD 1 for mesh TestMesh_15
17:33:29.558 [DEBUG] [Cache] Stored fallback entry, quality level: 2
17:33:29.558 [DEBUG] [Engine] Generated LOD 2 for mesh TestMesh_15
17:33:29.558 [DEBUG] [Cache] Stored fallback entry, quality level: 3
17:33:29.558 [DEBUG] [Engine] Generated LOD 3 for mesh TestMesh_15
17:33:29.558 [INFO ] [Engine] Created mesh 'TestMesh_15' with 8 vertices
17:33:29.558 [DEBUG] [Cache] Stored entry for key, size: 240 bytes
17:33:29.558 [DEBUG] [Cache] Stored fallback entry, quality level: 1
17:33:29.558 [DEBUG] [Engine] Generated LOD 1 for mesh TestMesh_16
17:33:29.558 [DEBUG] [Cache] Stored fallback entry, quality level: 2
17:33:29.558 [DEBUG] [Engine] Generated LOD 2 for mesh TestMesh_16
17:33:29.558 [DEBUG] [Cache] Stored fallback entry, quality level: 3
17:33:29.558 [DEBUG] [Engine] Generated LOD 3 for mesh TestMesh_16
17:33:29.558 [INFO ] [Engine] Created mesh 'TestMesh_16' with 8 vertices
17:33:29.558 [DEBUG] [Cache] Stored entry for key, size: 240 bytes
17:33:29.558 [DEBUG] [Cache] Stored fallback entry, quality level: 1
17:33:29.558 [DEBUG] [Engine] Generated LOD 1 for mesh TestMesh_17
17:33:29.558 [DEBUG] [Cache] Stored fallback entry, quality level: 2
17:33:29.558 [DEBUG] [Engine] Generated LOD 2 for mesh TestMesh_17
17:33:29.558 [DEBUG] [Cache] Stored fallback entry, quality level: 3
17:33:29.558 [DEBUG] [Engine] Generated LOD 3 for mesh TestMesh_17
17:33:29.558 [INFO ] [Engine] Created mesh 'TestMesh_17' with 8 vertices
17:33:29.558 [DEBUG] [Cache] Stored entry for key, size: 240 bytes
17:33:29.558 [DEBUG] [Cache] Stored fallback entry, quality level: 1
17:33:29.558 [DEBUG] [Engine] Generated LOD 1 for mesh TestMesh_18
17:33:29.558 [DEBUG] [Cache] Stored fallback entry, quality level: 2
17:33:29.558 [DEBUG] [Engine] Generated LOD 2 for mesh TestMesh_18
17:33:29.558 [DEBUG] [Cache] Stored fallback entry, quality level: 3
17:33:29.558 [DEBUG] [Engine] Generated LOD 3 for mesh TestMesh_18
17:33:29.558 [INFO ] [Engine] Created mesh 'TestMesh_18' with 8 vertices
17:33:29.558 [DEBUG] [Cache] Stored entry for key, size: 240 bytes
17:33:29.558 [DEBUG] [Cache] Stored fallback entry, quality level: 1
17:33:29.558 [DEBUG] [Engine] Generated LOD 1 for mesh TestMesh_19
17:33:29.558 [DEBUG] [Cache] Stored fallback entry, quality level: 2
17:33:29.558 [DEBUG] [Engine] Generated LOD 2 for mesh TestMesh_19
17:33:29.558 [DEBUG] [Cache] Stored fallback entry, quality level: 3
17:33:29.558 [DEBUG] [Engine] Generated LOD 3 for mesh TestMesh_19
17:33:29.558 [INFO ] [Engine] Created mesh 'TestMesh_19' with 8 vertices
17:33:29.558 [DEBUG] [Cache] Stored entry for key, size: 240 bytes
17:33:29.558 [DEBUG] [Cache] Stored fallback entry, quality level: 1
17:33:29.558 [DEBUG] [Engine] Generated LOD 1 for mesh TestMesh_20
17:33:29.558 [DEBUG] [Cache] Stored fallback entry, quality level: 2
17:33:29.558 [DEBUG] [Engine] Generated LOD 2 for mesh TestMesh_20
17:33:29.558 [DEBUG] [Cache] Stored fallback entry, quality level: 3
17:33:29.558 [DEBUG] [Engine] Generated LOD 3 for mesh TestMesh_20
17:33:29.558 [INFO ] [Engine] Created mesh 'TestMesh_20' with 8 vertices
17:33:29.558 [DEBUG] [Cache] Stored entry for key, size: 240 bytes
17:33:29.558 [DEBUG] [Cache] Stored fallback entry, quality level: 1
17:33:29.558 [DEBUG] [Engine] Generated LOD 1 for mesh TestMesh_21
17:33:29.558 [DEBUG] [Cache] Stored fallback entry, quality level: 2
17:33:29.558 [DEBUG] [Engine] Generated LOD 2 for mesh TestMesh_21
17:33:29.558 [DEBUG] [Cache] Stored fallback entry, quality level: 3
17:33:29.558 [DEBUG] [Engine] Generated LOD 3 for mesh TestMesh_21
17:33:29.558 [INFO ] [Engine] Created mesh 'TestMesh_21' with 8 vertices
17:33:29.558 [DEBUG] [Cache] Stored entry for key, size: 240 bytes
17:33:29.558 [DEBUG] [Cache] Stored fallback entry, quality level: 1
17:33:29.558 [DEBUG] [Engine] Generated LOD 1 for mesh TestMesh_22
17:33:29.558 [DEBUG] [Cache] Stored fallback entry, quality level: 2
17:33:29.558 [DEBUG] [Engine] Generated LOD 2 for mesh TestMesh_22
17:33:29.558 [DEBUG] [Cache] Stored fallback entry, quality level: 3
17:33:29.558 [DEBUG] [Engine] Generated LOD 3 for mesh TestMesh_22
17:33:29.558 [INFO ] [Engine] Created mesh 'TestMesh_22' with 8 vertices
17:33:29.558 [DEBUG] [Cache] Stored entry for key, size: 240 bytes
17:33:29.558 [DEBUG] [Cache] Stored fallback entry, quality level: 1
17:33:29.558 [DEBUG] [Engine] Generated LOD 1 for mesh TestMesh_23
17:33:29.558 [DEBUG] [Cache] Stored fallback entry, quality level: 2
17:33:29.558 [DEBUG] [Engine] Generated LOD 2 for mesh TestMesh_23
17:33:29.558 [DEBUG] [Cache] Stored fallback entry, quality level: 3
17:33:29.558 [DEBUG] [Engine] Generated LOD 3 for mesh TestMesh_23
17:33:29.558 [INFO ] [Engine] Created mesh 'TestMesh_23' with 8 vertices
17:33:29.558 [DEBUG] [Cache] Stored entry for key, size: 240 bytes
17:33:29.558 [DEBUG] [Cache] Stored fallback entry, quality level: 1
17:33:29.558 [DEBUG] [Engine] Generated LOD 1 for mesh TestMesh_24
17:33:29.558 [DEBUG] [Cache] Stored fallback entry, quality level: 2
17:33:29.558 [DEBUG] [Engine] Generated LOD 2 for mesh TestMesh_24
17:33:29.558 [DEBUG] [Cache] Stored fallback entry, quality level: 3
17:33:29.558 [DEBUG] [Engine] Generated LOD 3 for mesh TestMesh_24
17:33:29.558 [INFO ] [Engine] Created mesh 'TestMesh_24' with 8 vertices
17:33:29.558 [DEBUG] [Cache] Stored entry for key, size: 240 bytes
17:33:29.558 [DEBUG] [Cache] Stored fallback entry, quality level: 1
17:33:29.558 [DEBUG] [Engine] Generated LOD 1 for mesh TestMesh_25
17:33:29.558 [DEBUG] [Cache] Stored fallback entry, quality level: 2
17:33:29.558 [DEBUG] [Engine] Generated LOD 2 for mesh TestMesh_25
17:33:29.558 [DEBUG] [Cache] Stored fallback entry, quality level: 3
17:33:29.558 [DEBUG] [Engine] Generated LOD 3 for mesh TestMesh_25
17:33:29.558 [INFO ] [Engine] Created mesh 'TestMesh_25' with 8 vertices
17:33:29.558 [DEBUG] [Cache] Stored entry for key, size: 240 bytes
17:33:29.558 [DEBUG] [Cache] Stored fallback entry, quality level: 1
17:33:29.558 [DEBUG] [Engine] Generated LOD 1 for mesh TestMesh_26
17:33:29.558 [DEBUG] [Cache] Stored fallback entry, quality level: 2
17:33:29.558 [DEBUG] [Engine] Generated LOD 2 for mesh TestMesh_26
17:33:29.558 [DEBUG] [Cache] Stored fallback entry, quality level: 3
17:33:29.558 [DEBUG] [Engine] Generated LOD 3 for mesh TestMesh_26
17:33:29.558 [INFO ] [Engine] Created mesh 'TestMesh_26' with 8 vertices
17:33:29.558 [DEBUG] [Cache] Stored entry for key, size: 240 bytes
17:33:29.558 [DEBUG] [Cache] Stored fallback entry, quality level: 1
17:33:29.558 [DEBUG] [Engine] Generated LOD 1 for mesh TestMesh_27
17:33:29.558 [DEBUG] [Cache] Stored fallback entry, quality level: 2
17:33:29.558 [DEBUG] [Engine] Generated LOD 2 for mesh TestMesh_27
17:33:29.558 [DEBUG] [Cache] Stored fallback entry, quality level: 3
17:33:29.559 [DEBUG] [Engine] Generated LOD 3 for mesh TestMesh_27
17:33:29.559 [INFO ] [Engine] Created mesh 'TestMesh_27' with 8 vertices
17:33:29.559 [DEBUG] [Cache] Stored entry for key, size: 240 bytes
17:33:29.559 [DEBUG] [Cache] Stored fallback entry, quality level: 1
17:33:29.559 [DEBUG] [Engine] Generated LOD 1 for mesh TestMesh_28
17:33:29.559 [DEBUG] [Cache] Stored fallback entry, quality level: 2
17:33:29.559 [DEBUG] [Engine] Generated LOD 2 for mesh TestMesh_28
17:33:29.559 [DEBUG] [Cache] Stored fallback entry, quality level: 3
17:33:29.559 [DEBUG] [Engine] Generated LOD 3 for mesh TestMesh_28
17:33:29.559 [INFO ] [Engine] Created mesh 'TestMesh_28' with 8 vertices
17:33:29.559 [DEBUG] [Cache] Stored entry for key, size: 240 bytes
17:33:29.559 [DEBUG] [Cache] Stored fallback entry, quality level: 1
17:33:29.559 [DEBUG] [Engine] Generated LOD 1 for mesh TestMesh_29
17:33:29.559 [DEBUG] [Cache] Stored fallback entry, quality level: 2
17:33:29.559 [DEBUG] [Engine] Generated LOD 2 for mesh TestMesh_29
17:33:29.559 [DEBUG] [Cache] Stored fallback entry, quality level: 3
17:33:29.559 [DEBUG] [Engine] Generated LOD 3 for mesh TestMesh_29
17:33:29.559 [INFO ] [Engine] Created mesh 'TestMesh_29' with 8 vertices
17:33:29.559 [DEBUG] [Cache] Stored entry for key, size: 240 bytes
17:33:29.559 [DEBUG] [Cache] Stored fallback entry, quality level: 1
17:33:29.559 [DEBUG] [Engine] Generated LOD 1 for mesh TestMesh_30
17:33:29.559 [DEBUG] [Cache] Stored fallback entry, quality level: 2
17:33:29.559 [DEBUG] [Engine] Generated LOD 2 for mesh TestMesh_30
17:33:29.559 [DEBUG] [Cache] Stored fallback entry, quality level: 3
17:33:29.559 [DEBUG] [Engine] Generated LOD 3 for mesh TestMesh_30
17:33:29.559 [INFO ] [Engine] Created mesh 'TestMesh_30' with 8 vertices
17:33:29.559 [DEBUG] [Cache] Stored entry for key, size: 240 bytes
17:33:29.559 [DEBUG] [Cache] Stored fallback entry, quality level: 1
17:33:29.559 [DEBUG] [Engine] Generated LOD 1 for mesh TestMesh_31
17:33:29.559 [DEBUG] [Cache] Stored fallback entry, quality level: 2
17:33:29.559 [DEBUG] [Engine] Generated LOD 2 for mesh TestMesh_31
17:33:29.559 [DEBUG] [Cache] Stored fallback entry, quality level: 3
17:33:29.559 [DEBUG] [Engine] Generated LOD 3 for mesh TestMesh_31
17:33:29.559 [INFO ] [Engine] Created mesh 'TestMesh_31' with 8 vertices
17:33:29.559 [DEBUG] [Cache] Stored entry for key, size: 240 bytes
17:33:29.559 [DEBUG] [Cache] Stored fallback entry, quality level: 1
17:33:29.559 [DEBUG] [Engine] Generated LOD 1 for mesh TestMesh_32
17:33:29.559 [DEBUG] [Cache] Stored fallback entry, quality level: 2
17:33:29.559 [DEBUG] [Engine] Generated LOD 2 for mesh TestMesh_32
17:33:29.559 [DEBUG] [Cache] Stored fallback entry, quality level: 3
17:33:29.559 [DEBUG] [Engine] Generated LOD 3 for mesh TestMesh_32
17:33:29.559 [INFO ] [Engine] Created mesh 'TestMesh_32' with 8 vertices
17:33:29.559 [DEBUG] [Cache] Stored entry for key, size: 240 bytes
17:33:29.559 [DEBUG] [Cache] Stored fallback entry, quality level: 1
17:33:29.559 [DEBUG] [Engine] Generated LOD 1 for mesh TestMesh_33
17:33:29.559 [DEBUG] [Cache] Stored fallback entry, quality level: 2
17:33:29.559 [DEBUG] [Engine] Generated LOD 2 for mesh TestMesh_33
17:33:29.559 [DEBUG] [Cache] Stored fallback entry, quality level: 3
17:33:29.559 [DEBUG] [Engine] Generated LOD 3 for mesh TestMesh_33
17:33:29.559 [INFO ] [Engine] Created mesh 'TestMesh_33' with 8 vertices
17:33:29.559 [DEBUG] [Cache] Stored entry for key, size: 240 bytes
17:33:29.559 [DEBUG] [Cache] Stored fallback entry, quality level: 1
17:33:29.559 [DEBUG] [Engine] Generated LOD 1 for mesh TestMesh_34
17:33:29.559 [DEBUG] [Cache] Stored fallback entry, quality level: 2
17:33:29.559 [DEBUG] [Engine] Generated LOD 2 for mesh TestMesh_34
17:33:29.559 [DEBUG] [Cache] Stored fallback entry, quality level: 3
17:33:29.559 [DEBUG] [Engine] Generated LOD 3 for mesh TestMesh_34
17:33:29.559 [INFO ] [Engine] Created mesh 'TestMesh_34' with 8 vertices
17:33:29.559 [DEBUG] [Cache] Stored entry for key, size: 240 bytes
17:33:29.559 [DEBUG] [Cache] Stored fallback entry, quality level: 1
17:33:29.559 [DEBUG] [Engine] Generated LOD 1 for mesh TestMesh_35
17:33:29.559 [DEBUG] [Cache] Stored fallback entry, quality level: 2
17:33:29.559 [DEBUG] [Engine] Generated LOD 2 for mesh TestMesh_35
17:33:29.559 [DEBUG] [Cache] Stored fallback entry, quality level: 3
17:33:29.559 [DEBUG] [Engine] Generated LOD 3 for mesh TestMesh_35
17:33:29.559 [INFO ] [Engine] Created mesh 'TestMesh_35' with 8 vertices
17:33:29.559 [DEBUG] [Cache] Stored entry for key, size: 240 bytes
17:33:29.559 [DEBUG] [Cache] Stored fallback entry, quality level: 1
17:33:29.559 [DEBUG] [Engine] Generated LOD 1 for mesh TestMesh_36
17:33:29.559 [DEBUG] [Cache] Stored fallback entry, quality level: 2
17:33:29.559 [DEBUG] [Engine] Generated LOD 2 for mesh TestMesh_36
17:33:29.559 [DEBUG] [Cache] Stored fallback entry, quality level: 3
17:33:29.559 [DEBUG] [Engine] Generated LOD 3 for mesh TestMesh_36
17:33:29.559 [INFO ] [Engine] Created mesh 'TestMesh_36' with 8 vertices
17:33:29.559 [DEBUG] [Cache] Stored entry for key, size: 240 bytes
17:33:29.559 [DEBUG] [Cache] Stored fallback entry, quality level: 1
17:33:29.559 [DEBUG] [Engine] Generated LOD 1 for mesh TestMesh_37
17:33:29.559 [DEBUG] [Cache] Stored fallback entry, quality level: 2
17:33:29.559 [DEBUG] [Engine] Generated LOD 2 for mesh TestMesh_37
17:33:29.559 [DEBUG] [Cache] Stored fallback entry, quality level: 3
17:33:29.559 [DEBUG] [Engine] Generated LOD 3 for mesh TestMesh_37
17:33:29.559 [INFO ] [Engine] Created mesh 'TestMesh_37' with 8 vertices
17:33:29.559 [DEBUG] [Cache] Stored entry for key, size: 240 bytes
17:33:29.559 [DEBUG] [Cache] Stored fallback entry, quality level: 1
17:33:29.559 [DEBUG] [Engine] Generated LOD 1 for mesh TestMesh_38
17:33:29.559 [DEBUG] [Cache] Stored fallback entry, quality level: 2
17:33:29.559 [DEBUG] [Engine] Generated LOD 2 for mesh TestMesh_38
17:33:29.559 [DEBUG] [Cache] Stored fallback entry, quality level: 3
17:33:29.559 [DEBUG] [Engine] Generated LOD 3 for mesh TestMesh_38
17:33:29.559 [INFO ] [Engine] Created mesh 'TestMesh_38' with 8 vertices
17:33:29.559 [DEBUG] [Cache] Stored entry for key, size: 240 bytes
17:33:29.559 [DEBUG] [Cache] Stored fallback entry, quality level: 1
17:33:29.559 [DEBUG] [Engine] Generated LOD 1 for mesh TestMesh_39
17:33:29.559 [DEBUG] [Cache] Stored fallback entry, quality level: 2
17:33:29.559 [DEBUG] [Engine] Generated LOD 2 for mesh TestMesh_39
17:33:29.559 [DEBUG] [Cache] Stored fallback entry, quality level: 3
17:33:29.559 [DEBUG] [Engine] Generated LOD 3 for mesh TestMesh_39
17:33:29.559 [INFO ] [Engine] Created mesh 'TestMesh_39' with 8 vertices
17:33:29.559 [DEBUG] [Cache] Stored entry for key, size: 240 bytes
17:33:29.559 [DEBUG] [Cache] Stored fallback entry, quality level: 1
17:33:29.559 [DEBUG] [Engine] Generated LOD 1 for mesh TestMesh_40
17:33:29.559 [DEBUG] [Cache] Stored fallback entry, quality level: 2
17:33:29.559 [DEBUG] [Engine] Generated LOD 2 for mesh TestMesh_40
17:33:29.559 [DEBUG] [Cache] Stored fallback entry, quality level: 3
17:33:29.559 [DEBUG] [Engine] Generated LOD 3 for mesh TestMesh_40
17:33:29.559 [INFO ] [Engine] Created mesh 'TestMesh_40' with 8 vertices
17:33:29.559 [DEBUG] [Cache] Stored entry for key, size: 240 bytes
17:33:29.559 [DEBUG] [Cache] Stored fallback entry, quality level: 1
17:33:29.559 [DEBUG] [Engine] Generated LOD 1 for mesh TestMesh_41
17:33:29.559 [DEBUG] [Cache] Stored fallback entry, quality level: 2
17:33:29.559 [DEBUG] [Engine] Generated LOD 2 for mesh TestMesh_41
17:33:29.559 [DEBUG] [Cache] Stored fallback entry, quality level: 3
17:33:29.559 [DEBUG] [Engine] Generated LOD 3 for mesh TestMesh_41
17:33:29.559 [INFO ] [Engine] Created mesh 'TestMesh_41' with 8 vertices
17:33:29.559 [DEBUG] [Cache] Stored entry for key, size: 240 bytes
17:33:29.559 [DEBUG] [Cache] Stored fallback entry, quality level: 1
17:33:29.559 [DEBUG] [Engine] Generated LOD 1 for mesh TestMesh_42
17:33:29.559 [DEBUG] [Cache] Stored fallback entry, quality level: 2
17:33:29.559 [DEBUG] [Engine] Generated LOD 2 for mesh TestMesh_42
17:33:29.559 [DEBUG] [Cache] Stored fallback entry, quality level: 3
17:33:29.559 [DEBUG] [Engine] Generated LOD 3 for mesh TestMesh_42
17:33:29.559 [INFO ] [Engine] Created mesh 'TestMesh_42' with 8 vertices
17:33:29.559 [DEBUG] [Cache] Stored entry for key, size: 240 bytes
17:33:29.559 [DEBUG] [Cache] Stored fallback entry, quality level: 1
17:33:29.559 [DEBUG] [Engine] Generated LOD 1 for mesh TestMesh_43
17:33:29.559 [DEBUG] [Cache] Stored fallback entry, quality level: 2
17:33:29.559 [DEBUG] [Engine] Generated LOD 2 for mesh TestMesh_43
17:33:29.559 [DEBUG] [Cache] Stored fallback entry, quality level: 3
17:33:29.559 [DEBUG] [Engine] Generated LOD 3 for mesh TestMesh_43
17:33:29.559 [INFO ] [Engine] Created mesh 'TestMesh_43' with 8 vertices
17:33:29.559 [DEBUG] [Cache] Stored entry for key, size: 240 bytes
17:33:29.559 [DEBUG] [Cache] Stored fallback entry, quality level: 1
17:33:29.559 [DEBUG] [Engine] Generated LOD 1 for mesh TestMesh_44
17:33:29.559 [DEBUG] [Cache] Stored fallback entry, quality level: 2
17:33:29.559 [DEBUG] [Engine] Generated LOD 2 for mesh TestMesh_44
17:33:29.559 [DEBUG] [Cache] Stored fallback entry, quality level: 3
17:33:29.559 [DEBUG] [Engine] Generated LOD 3 for mesh TestMesh_44
17:33:29.559 [INFO ] [Engine] Created mesh 'TestMesh_44' with 8 vertices
17:33:29.559 [DEBUG] [Cache] Stored entry for key, size: 240 bytes
17:33:29.559 [DEBUG] [Cache] Stored fallback entry, quality level: 1
17:33:29.559 [DEBUG] [Engine] Generated LOD 1 for mesh TestMesh_45
17:33:29.559 [DEBUG] [Cache] Stored fallback entry, quality level: 2
17:33:29.559 [DEBUG] [Engine] Generated LOD 2 for mesh TestMesh_45
17:33:29.559 [DEBUG] [Cache] Stored fallback entry, quality level: 3
17:33:29.559 [DEBUG] [Engine] Generated LOD 3 for mesh TestMesh_45
17:33:29.559 [INFO ] [Engine] Created mesh 'TestMesh_45' with 8 vertices
17:33:29.559 [DEBUG] [Cache] Stored entry for key, size: 240 bytes
17:33:29.559 [DEBUG] [Cache] Stored fallback entry, quality level: 1
17:33:29.559 [DEBUG] [Engine] Generated LOD 1 for mesh TestMesh_46
17:33:29.559 [DEBUG] [Cache] Stored fallback entry, quality level: 2
17:33:29.559 [DEBUG] [Engine] Generated LOD 2 for mesh TestMesh_46
17:33:29.559 [DEBUG] [Cache] Stored fallback entry, quality level: 3
17:33:29.559 [DEBUG] [Engine] Generated LOD 3 for mesh TestMesh_46
17:33:29.559 [INFO ] [Engine] Created mesh 'TestMesh_46' with 8 vertices
17:33:29.559 [DEBUG] [Cache] Stored entry for key, size: 240 bytes
17:33:29.559 [DEBUG] [Cache] Stored fallback entry, quality level: 1
17:33:29.559 [DEBUG] [Engine] Generated LOD 1 for mesh TestMesh_47
17:33:29.559 [DEBUG] [Cache] Stored fallback entry, quality level: 2
17:33:29.559 [DEBUG] [Engine] Generated LOD 2 for mesh TestMesh_47
17:33:29.559 [DEBUG] [Cache] Stored fallback entry, quality level: 3
17:33:29.559 [DEBUG] [Engine] Generated LOD 3 for mesh TestMesh_47
17:33:29.559 [INFO ] [Engine] Created mesh 'TestMesh_47' with 8 vertices
17:33:29.559 [DEBUG] [Cache] Stored entry for key, size: 240 bytes
17:33:29.559 [DEBUG] [Cache] Stored fallback entry, quality level: 1
17:33:29.559 [DEBUG] [Engine] Generated LOD 1 for mesh TestMesh_48
17:33:29.559 [DEBUG] [Cache] Stored fallback entry, quality level: 2
17:33:29.559 [DEBUG] [Engine] Generated LOD 2 for mesh TestMesh_48
17:33:29.559 [DEBUG] [Cache] Stored fallback entry, quality level: 3
17:33:29.559 [DEBUG] [Engine] Generated LOD 3 for mesh TestMesh_48
17:33:29.559 [INFO ] [Engine] Created mesh 'TestMesh_48' with 8 vertices
17:33:29.559 [DEBUG] [Cache] Stored entry for key, size: 240 bytes
17:33:29.559 [DEBUG] [Cache] Stored fallback entry, quality level: 1
17:33:29.559 [DEBUG] [Engine] Generated LOD 1 for mesh TestMesh_49
17:33:29.559 [DEBUG] [Cache] Stored fallback entry, quality level: 2
17:33:29.559 [DEBUG] [Engine] Generated LOD 2 for mesh TestMesh_49
17:33:29.559 [DEBUG] [Cache] Stored fallback entry, quality level: 3
17:33:29.559 [DEBUG] [Engine] Generated LOD 3 for mesh TestMesh_49
17:33:29.559 [INFO ] [Engine] Created mesh 'TestMesh_49' with 8 vertices
17:33:29.559 [DEBUG] [Main] Successfully retrieved mesh: TestMesh_0
17:33:29.559 [DEBUG] [Main] Successfully retrieved mesh: TestMesh_1
17:33:29.560 [DEBUG] [Main] Successfully retrieved mesh: TestMesh_2
17:33:29.560 [DEBUG] [Main] Successfully retrieved mesh: TestMesh_3
17:33:29.560 [DEBUG] [Main] Successfully retrieved mesh: TestMesh_4
17:33:29.560 [DEBUG] [Main] Successfully retrieved mesh: TestMesh_5
17:33:29.560 [DEBUG] [Main] Successfully retrieved mesh: TestMesh_6
17:33:29.560 [DEBUG] [Main] Successfully retrieved mesh: TestMesh_7
17:33:29.560 [DEBUG] [Main] Successfully retrieved mesh: TestMesh_8
17:33:29.560 [DEBUG] [Main] Successfully retrieved mesh: TestMesh_9
17:33:29.560 [DEBUG] [Main] Successfully retrieved mesh: TestMesh_10
17:33:29.560 [DEBUG] [Main] Successfully retrieved mesh: TestMesh_11
17:33:29.560 [DEBUG] [Main] Successfully retrieved mesh: TestMesh_12
17:33:29.560 [DEBUG] [Main] Successfully retrieved mesh: TestMesh_13
17:33:29.560 [DEBUG] [Main] Successfully retrieved mesh: TestMesh_14
17:33:29.560 [DEBUG] [Main] Successfully retrieved mesh: TestMesh_15
17:33:29.560 [DEBUG] [Main] Successfully retrieved mesh: TestMesh_16
17:33:29.560 [DEBUG] [Main] Successfully retrieved mesh: TestMesh_17
17:33:29.560 [DEBUG] [Main] Successfully retrieved mesh: TestMesh_18
17:33:29.560 [DEBUG] [Main] Successfully retrieved mesh: TestMesh_19
17:33:29.560 [DEBUG] [Main] Successfully retrieved mesh: TestMesh_20
17:33:29.560 [DEBUG] [Main] Successfully retrieved mesh: TestMesh_21
17:33:29.560 [DEBUG] [Main] Successfully retrieved mesh: TestMesh_22
17:33:29.560 [DEBUG] [Main] Successfully retrieved mesh: TestMesh_23
17:33:29.560 [DEBUG] [Main] Successfully retrieved mesh: TestMesh_24
17:33:29.560 [DEBUG] [Main] Successfully retrieved mesh: TestMesh_25
17:33:29.560 [DEBUG] [Main] Successfully retrieved mesh: TestMesh_26
17:33:29.560 [DEBUG] [Main] Successfully retrieved mesh: TestMesh_27
17:33:29.560 [DEBUG] [Main] Successfully retrieved mesh: TestMesh_28
17:33:29.560 [DEBUG] [Main] Successfully retrieved mesh: TestMesh_29
17:33:29.560 [DEBUG] [Main] Successfully retrieved mesh: TestMesh_30
17:33:29.560 [DEBUG] [Main] Successfully retrieved mesh: TestMesh_31
17:33:29.560 [DEBUG] [Main] Successfully retrieved mesh: TestMesh_32
17:33:29.560 [DEBUG] [Main] Successfully retrieved mesh: TestMesh_33
17:33:29.560 [DEBUG] [Main] Successfully retrieved mesh: TestMesh_34
17:33:29.560 [DEBUG] [Main] Successfully retrieved mesh: TestMesh_35
17:33:29.560 [DEBUG] [Main] Successfully retrieved mesh: TestMesh_36
17:33:29.560 [DEBUG] [Main] Successfully retrieved mesh: TestMesh_37
17:33:29.560 [DEBUG] [Main] Successfully retrieved mesh: TestMesh_38
17:33:29.560 [DEBUG] [Main] Successfully retrieved mesh: TestMesh_39
17:33:29.560 [DEBUG] [Main] Successfully retrieved mesh: TestMesh_40
17:33:29.560 [DEBUG] [Main] Successfully retrieved mesh: TestMesh_41
17:33:29.560 [DEBUG] [Main] Successfully retrieved mesh: TestMesh_42
17:33:29.560 [DEBUG] [Main] Successfully retrieved mesh: TestMesh_43
17:33:29.560 [DEBUG] [Main] Successfully retrieved mesh: TestMesh_44
17:33:29.560 [DEBUG] [Main] Successfully retrieved mesh: TestMesh_45
17:33:29.560 [DEBUG] [Main] Successfully retrieved mesh: TestMesh_46
17:33:29.560 [DEBUG] [Main] Successfully retrieved mesh: TestMesh_47
17:33:29.560 [DEBUG] [Main] Successfully retrieved mesh: TestMesh_48
17:33:29.560 [DEBUG] [Main] Successfully retrieved mesh: TestMesh_49
17:33:29.560 [INFO ] [Main] Running engine simulation...
17:33:29.627 [DEBUG] [Engine] Frame 60, Cache hit ratio: 1.000000
17:33:29.692 [DEBUG] [Engine] Frame 120, Cache hit ratio: 1.000000
17:33:29.693 [INFO ] [Main] Engine simulation complete
17:33:29.693 [INFO ] [Main] === Final Statistics ===
17:33:29.693 [INFO ] [Main] Frames processed: 120
17:33:29.693 [INFO ] [Main] Mesh cache entries: 51
17:33:29.693 [INFO ] [Main] Mesh cache hit ratio: 1.000000
17:33:29.693 [INFO ] [Main] Fallback cache hits: 0
17:33:29.693 [INFO ] [Main] Total memory usage: 79 KB
17:33:29.693 [INFO ] [Engine] Shutting down PIX Engine...
17:33:29.693 [INFO ] [Engine] === Final Engine Statistics ===
17:33:29.693 [INFO ] [Engine] Total frames: 120
17:33:29.693 [INFO ] [Engine] Mesh Cache - Entries: 51, Hit ratio: 1.000000, Memory: 79 KB
17:33:29.693 [INFO ] [Profiler] === Performance Report ===
17:33:29.693 [INFO ] [Profiler] Engine::getMesh: 62 calls, avg: 0ms, min: 0ms, max: 0ms, total: 0ms
17:33:29.693 [INFO ] [Profiler] Engine::update: 120 calls, avg: 0ms, min: 0ms, max: 0ms, total: 0ms
17:33:29.693 [INFO ] [Profiler] Engine::createMesh: 51 calls, avg: 0ms, min: 0ms, max: 0ms, total: 0ms
17:33:29.693 [INFO ] [Profiler] Engine::initialize: 1 calls, avg: 0ms, min: 0ms, max: 0ms, total: 0ms
17:33:29.693 [INFO ] [Engine] Engine shutdown complete
17:33:29.693 [INFO ] [Main] === PIX ENGINE ULTIMATE v6.0 DEMONSTRATION COMPLETE ===
17:33:29.693 [INFO ] [Main] ✅ Unit Testing Framework: Comprehensive test coverage
17:33:29.693 [INFO ] [Main] ✅ Fallback Cache System: Intelligent LOD and memory management
17:33:29.693 [INFO ] [Main] ✅ Production Logging: Multi-level structured logging
17:33:29.693 [INFO ] [Main] ✅ Performance Profiling: Real-time performance monitoring
17:33:29.693 [INFO ] [Main] ✅ Error Handling: Robust Result<T> error management
17:33:29.693 [INFO ] [Main] ✅ Memory Management: RAII and smart pointers throughout
17:33:29.693 [INFO ] [Main] ✅ Cross-platform: Modern C++20 standards compliance
17:33:29.693 [INFO ] [Main] ✅ Zero Dependencies: Standalone, no external libs needed
17:36:40.420 [INFO ] [Engine] PIX Engine Ultimate v6.0 initializing...
17:36:40.420 [INFO ] [Engine] Cache configured: 1000 entries, 256 MB
17:36:40.420 [INFO ] [Engine] Initializing core systems...
17:36:40.420 [INFO ] [Engine] Engine initialization complete
17:36:40.420 [INFO ] [Main] Engine initialized successfully
17:36:40.420 [INFO ] [Main] Creating test assets...
17:36:40.420 [DEBUG] [Cache] Stored entry for key, size: 240 bytes
17:36:40.420 [DEBUG] [Cache] Stored fallback entry, quality level: 1
17:36:40.420 [DEBUG] [Engine] Generated LOD 1 for mesh TestCube
17:36:40.420 [DEBUG] [Cache] Stored fallback entry, quality level: 2
17:36:40.420 [DEBUG] [Engine] Generated LOD 2 for mesh TestCube
17:36:40.420 [DEBUG] [Cache] Stored fallback entry, quality level: 3
17:36:40.420 [DEBUG] [Engine] Generated LOD 3 for mesh TestCube
17:36:40.420 [INFO ] [Engine] Created mesh 'TestCube' with 8 vertices
17:36:40.420 [INFO ] [Main] Testing fallback cache system...
17:36:40.420 [DEBUG] [Cache] Stored entry for key, size: 240 bytes
17:36:40.420 [DEBUG] [Cache] Stored fallback entry, quality level: 1
17:36:40.420 [DEBUG] [Engine] Generated LOD 1 for mesh TestMesh_0
17:36:40.420 [DEBUG] [Cache] Stored fallback entry, quality level: 2
17:36:40.420 [DEBUG] [Engine] Generated LOD 2 for mesh TestMesh_0
17:36:40.420 [DEBUG] [Cache] Stored fallback entry, quality level: 3
17:36:40.420 [DEBUG] [Engine] Generated LOD 3 for mesh TestMesh_0
17:36:40.420 [INFO ] [Engine] Created mesh 'TestMesh_0' with 8 vertices
17:36:40.420 [DEBUG] [Cache] Stored entry for key, size: 240 bytes
17:36:40.420 [DEBUG] [Cache] Stored fallback entry, quality level: 1
17:36:40.420 [DEBUG] [Engine] Generated LOD 1 for mesh TestMesh_1
17:36:40.420 [DEBUG] [Cache] Stored fallback entry, quality level: 2
17:36:40.420 [DEBUG] [Engine] Generated LOD 2 for mesh TestMesh_1
17:36:40.420 [DEBUG] [Cache] Stored fallback entry, quality level: 3
17:36:40.420 [DEBUG] [Engine] Generated LOD 3 for mesh TestMesh_1
17:36:40.420 [INFO ] [Engine] Created mesh 'TestMesh_1' with 8 vertices
17:36:40.420 [DEBUG] [Cache] Stored entry for key, size: 240 bytes
17:36:40.420 [DEBUG] [Cache] Stored fallback entry, quality level: 1
17:36:40.420 [DEBUG] [Engine] Generated LOD 1 for mesh TestMesh_2
17:36:40.420 [DEBUG] [Cache] Stored fallback entry, quality level: 2
17:36:40.420 [DEBUG] [Engine] Generated LOD 2 for mesh TestMesh_2
17:36:40.420 [DEBUG] [Cache] Stored fallback entry, quality level: 3
17:36:40.420 [DEBUG] [Engine] Generated LOD 3 for mesh TestMesh_2
17:36:40.420 [INFO ] [Engine] Created mesh 'TestMesh_2' with 8 vertices
17:36:40.420 [DEBUG] [Cache] Stored entry for key, size: 240 bytes
17:36:40.420 [DEBUG] [Cache] Stored fallback entry, quality level: 1
17:36:40.420 [DEBUG] [Engine] Generated LOD 1 for mesh TestMesh_3
17:36:40.420 [DEBUG] [Cache] Stored fallback entry, quality level: 2
17:36:40.420 [DEBUG] [Engine] Generated LOD 2 for mesh TestMesh_3
17:36:40.420 [DEBUG] [Cache] Stored fallback entry, quality level: 3
17:36:40.420 [DEBUG] [Engine] Generated LOD 3 for mesh TestMesh_3
17:36:40.420 [INFO ] [Engine] Created mesh 'TestMesh_3' with 8 vertices
17:36:40.420 [DEBUG] [Cache] Stored entry for key, size: 240 bytes
17:36:40.420 [DEBUG] [Cache] Stored fallback entry, quality level: 1
17:36:40.420 [DEBUG] [Engine] Generated LOD 1 for mesh TestMesh_4
17:36:40.420 [DEBUG] [Cache] Stored fallback entry, quality level: 2
17:36:40.420 [DEBUG] [Engine] Generated LOD 2 for mesh TestMesh_4
17:36:40.420 [DEBUG] [Cache] Stored fallback entry, quality level: 3
17:36:40.420 [DEBUG] [Engine] Generated LOD 3 for mesh TestMesh_4
17:36:40.420 [INFO ] [Engine] Created mesh 'TestMesh_4' with 8 vertices
17:36:40.420 [DEBUG] [Cache] Stored entry for key, size: 240 bytes
17:36:40.420 [DEBUG] [Cache] Stored fallback entry, quality level: 1
17:36:40.420 [DEBUG] [Engine] Generated LOD 1 for mesh TestMesh_5
17:36:40.420 [DEBUG] [Cache] Stored fallback entry, quality level: 2
17:36:40.420 [DEBUG] [Engine] Generated LOD 2 for mesh TestMesh_5
17:36:40.420 [DEBUG] [Cache] Stored fallback entry, quality level: 3
17:36:40.420 [DEBUG] [Engine] Generated LOD 3 for mesh TestMesh_5
17:36:40.420 [INFO ] [Engine] Created mesh 'TestMesh_5' with 8 vertices
17:36:40.420 [DEBUG] [Cache] Stored entry for key, size: 240 bytes
17:36:40.420 [DEBUG] [Cache] Stored fallback entry, quality level: 1
17:36:40.420 [DEBUG] [Engine] Generated LOD 1 for mesh TestMesh_6
17:36:40.420 [DEBUG] [Cache] Stored fallback entry, quality level: 2
17:36:40.420 [DEBUG] [Engine] Generated LOD 2 for mesh TestMesh_6
17:36:40.420 [DEBUG] [Cache] Stored fallback entry, quality level: 3
17:36:40.420 [DEBUG] [Engine] Generated LOD 3 for mesh TestMesh_6
17:36:40.420 [INFO ] [Engine] Created mesh 'TestMesh_6' with 8 vertices
17:36:40.420 [DEBUG] [Cache] Stored entry for key, size: 240 bytes
17:36:40.420 [DEBUG] [Cache] Stored fallback entry, quality level: 1
17:36:40.420 [DEBUG] [Engine] Generated LOD 1 for mesh TestMesh_7
17:36:40.420 [DEBUG] [Cache] Stored fallback entry, quality level: 2
17:36:40.420 [DEBUG] [Engine] Generated LOD 2 for mesh TestMesh_7
17:36:40.420 [DEBUG] [Cache] Stored fallback entry, quality level: 3
17:36:40.420 [DEBUG] [Engine] Generated LOD 3 for mesh TestMesh_7
17:36:40.420 [INFO ] [Engine] Created mesh 'TestMesh_7' with 8 vertices
17:36:40.420 [DEBUG] [Cache] Stored entry for key, size: 240 bytes
17:36:40.420 [DEBUG] [Cache] Stored fallback entry, quality level: 1
17:36:40.420 [DEBUG] [Engine] Generated LOD 1 for mesh TestMesh_8
17:36:40.420 [DEBUG] [Cache] Stored fallback entry, quality level: 2
17:36:40.420 [DEBUG] [Engine] Generated LOD 2 for mesh TestMesh_8
17:36:40.420 [DEBUG] [Cache] Stored fallback entry, quality level: 3
17:36:40.420 [DEBUG] [Engine] Generated LOD 3 for mesh TestMesh_8
17:36:40.420 [INFO ] [Engine] Created mesh 'TestMesh_8' with 8 vertices
17:36:40.420 [DEBUG] [Cache] Stored entry for key, size: 240 bytes
17:36:40.420 [DEBUG] [Cache] Stored fallback entry, quality level: 1
17:36:40.420 [DEBUG] [Engine] Generated LOD 1 for mesh TestMesh_9
17:36:40.420 [DEBUG] [Cache] Stored fallback entry, quality level: 2
17:36:40.420 [DEBUG] [Engine] Generated LOD 2 for mesh TestMesh_9
17:36:40.420 [DEBUG] [Cache] Stored fallback entry, quality level: 3
17:36:40.420 [DEBUG] [Engine] Generated LOD 3 for mesh TestMesh_9
17:36:40.420 [INFO ] [Engine] Created mesh 'TestMesh_9' with 8 vertices
17:36:40.420 [DEBUG] [Cache] Stored entry for key, size: 240 bytes
17:36:40.420 [DEBUG] [Cache] Stored fallback entry, quality level: 1
17:36:40.420 [DEBUG] [Engine] Generated LOD 1 for mesh TestMesh_10
17:36:40.420 [DEBUG] [Cache] Stored fallback entry, quality level: 2
17:36:40.420 [DEBUG] [Engine] Generated LOD 2 for mesh TestMesh_10
17:36:40.420 [DEBUG] [Cache] Stored fallback entry, quality level: 3
17:36:40.420 [DEBUG] [Engine] Generated LOD 3 for mesh TestMesh_10
17:36:40.420 [INFO ] [Engine] Created mesh 'TestMesh_10' with 8 vertices
17:36:40.420 [DEBUG] [Cache] Stored entry for key, size: 240 bytes
17:36:40.420 [DEBUG] [Cache] Stored fallback entry, quality level: 1
17:36:40.420 [DEBUG] [Engine] Generated LOD 1 for mesh TestMesh_11
17:36:40.420 [DEBUG] [Cache] Stored fallback entry, quality level: 2
17:36:40.420 [DEBUG] [Engine] Generated LOD 2 for mesh TestMesh_11
17:36:40.420 [DEBUG] [Cache] Stored fallback entry, quality level: 3
17:36:40.420 [DEBUG] [Engine] Generated LOD 3 for mesh TestMesh_11
17:36:40.420 [INFO ] [Engine] Created mesh 'TestMesh_11' with 8 vertices
17:36:40.420 [DEBUG] [Cache] Stored entry for key, size: 240 bytes
17:36:40.420 [DEBUG] [Cache] Stored fallback entry, quality level: 1
17:36:40.420 [DEBUG] [Engine] Generated LOD 1 for mesh TestMesh_12
17:36:40.420 [DEBUG] [Cache] Stored fallback entry, quality level: 2
17:36:40.420 [DEBUG] [Engine] Generated LOD 2 for mesh TestMesh_12
17:36:40.420 [DEBUG] [Cache] Stored fallback entry, quality level: 3
17:36:40.420 [DEBUG] [Engine] Generated LOD 3 for mesh TestMesh_12
17:36:40.420 [INFO ] [Engine] Created mesh 'TestMesh_12' with 8 vertices
17:36:40.420 [DEBUG] [Cache] Stored entry for key, size: 240 bytes
17:36:40.420 [DEBUG] [Cache] Stored fallback entry, quality level: 1
17:36:40.420 [DEBUG] [Engine] Generated LOD 1 for mesh TestMesh_13
17:36:40.420 [DEBUG] [Cache] Stored fallback entry, quality level: 2
17:36:40.420 [DEBUG] [Engine] Generated LOD 2 for mesh TestMesh_13
17:36:40.420 [DEBUG] [Cache] Stored fallback entry, quality level: 3
17:36:40.420 [DEBUG] [Engine] Generated LOD 3 for mesh TestMesh_13
17:36:40.420 [INFO ] [Engine] Created mesh 'TestMesh_13' with 8 vertices
17:36:40.420 [DEBUG] [Cache] Stored entry for key, size: 240 bytes
17:36:40.420 [DEBUG] [Cache] Stored fallback entry, quality level: 1
17:36:40.420 [DEBUG] [Engine] Generated LOD 1 for mesh TestMesh_14
17:36:40.420 [DEBUG] [Cache] Stored fallback entry, quality level: 2
17:36:40.420 [DEBUG] [Engine] Generated LOD 2 for mesh TestMesh_14
17:36:40.420 [DEBUG] [Cache] Stored fallback entry, quality level: 3
17:36:40.420 [DEBUG] [Engine] Generated LOD 3 for mesh TestMesh_14
17:36:40.420 [INFO ] [Engine] Created mesh 'TestMesh_14' with 8 vertices
17:36:40.420 [DEBUG] [Cache] Stored entry for key, size: 240 bytes
17:36:40.420 [DEBUG] [Cache] Stored fallback entry, quality level: 1
17:36:40.420 [DEBUG] [Engine] Generated LOD 1 for mesh TestMesh_15
17:36:40.420 [DEBUG] [Cache] Stored fallback entry, quality level: 2
17:36:40.421 [DEBUG] [Engine] Generated LOD 2 for mesh TestMesh_15
17:36:40.421 [DEBUG] [Cache] Stored fallback entry, quality level: 3
17:36:40.421 [DEBUG] [Engine] Generated LOD 3 for mesh TestMesh_15
17:36:40.421 [INFO ] [Engine] Created mesh 'TestMesh_15' with 8 vertices
17:36:40.421 [DEBUG] [Cache] Stored entry for key, size: 240 bytes
17:36:40.421 [DEBUG] [Cache] Stored fallback entry, quality level: 1
17:36:40.421 [DEBUG] [Engine] Generated LOD 1 for mesh TestMesh_16
17:36:40.421 [DEBUG] [Cache] Stored fallback entry, quality level: 2
17:36:40.421 [DEBUG] [Engine] Generated LOD 2 for mesh TestMesh_16
17:36:40.421 [DEBUG] [Cache] Stored fallback entry, quality level: 3
17:36:40.421 [DEBUG] [Engine] Generated LOD 3 for mesh TestMesh_16
17:36:40.421 [INFO ] [Engine] Created mesh 'TestMesh_16' with 8 vertices
17:36:40.421 [DEBUG] [Cache] Stored entry for key, size: 240 bytes
17:36:40.421 [DEBUG] [Cache] Stored fallback entry, quality level: 1
17:36:40.421 [DEBUG] [Engine] Generated LOD 1 for mesh TestMesh_17
17:36:40.421 [DEBUG] [Cache] Stored fallback entry, quality level: 2
17:36:40.421 [DEBUG] [Engine] Generated LOD 2 for mesh TestMesh_17
17:36:40.421 [DEBUG] [Cache] Stored fallback entry, quality level: 3
17:36:40.421 [DEBUG] [Engine] Generated LOD 3 for mesh TestMesh_17
17:36:40.421 [INFO ] [Engine] Created mesh 'TestMesh_17' with 8 vertices
17:36:40.421 [DEBUG] [Cache] Stored entry for key, size: 240 bytes
17:36:40.421 [DEBUG] [Cache] Stored fallback entry, quality level: 1
17:36:40.421 [DEBUG] [Engine] Generated LOD 1 for mesh TestMesh_18
17:36:40.421 [DEBUG] [Cache] Stored fallback entry, quality level: 2
17:36:40.421 [DEBUG] [Engine] Generated LOD 2 for mesh TestMesh_18
17:36:40.421 [DEBUG] [Cache] Stored fallback entry, quality level: 3
17:36:40.421 [DEBUG] [Engine] Generated LOD 3 for mesh TestMesh_18
17:36:40.421 [INFO ] [Engine] Created mesh 'TestMesh_18' with 8 vertices
17:36:40.421 [DEBUG] [Cache] Stored entry for key, size: 240 bytes
17:36:40.421 [DEBUG] [Cache] Stored fallback entry, quality level: 1
17:36:40.421 [DEBUG] [Engine] Generated LOD 1 for mesh TestMesh_19
17:36:40.421 [DEBUG] [Cache] Stored fallback entry, quality level: 2
17:36:40.421 [DEBUG] [Engine] Generated LOD 2 for mesh TestMesh_19
17:36:40.421 [DEBUG] [Cache] Stored fallback entry, quality level: 3
17:36:40.421 [DEBUG] [Engine] Generated LOD 3 for mesh TestMesh_19
17:36:40.421 [INFO ] [Engine] Created mesh 'TestMesh_19' with 8 vertices
17:36:40.421 [DEBUG] [Cache] Stored entry for key, size: 240 bytes
17:36:40.421 [DEBUG] [Cache] Stored fallback entry, quality level: 1
17:36:40.421 [DEBUG] [Engine] Generated LOD 1 for mesh TestMesh_20
17:36:40.421 [DEBUG] [Cache] Stored fallback entry, quality level: 2
17:36:40.421 [DEBUG] [Engine] Generated LOD 2 for mesh TestMesh_20
17:36:40.421 [DEBUG] [Cache] Stored fallback entry, quality level: 3
17:36:40.421 [DEBUG] [Engine] Generated LOD 3 for mesh TestMesh_20
17:36:40.421 [INFO ] [Engine] Created mesh 'TestMesh_20' with 8 vertices
17:36:40.421 [DEBUG] [Cache] Stored entry for key, size: 240 bytes
17:36:40.421 [DEBUG] [Cache] Stored fallback entry, quality level: 1
17:36:40.421 [DEBUG] [Engine] Generated LOD 1 for mesh TestMesh_21
17:36:40.421 [DEBUG] [Cache] Stored fallback entry, quality level: 2
17:36:40.421 [DEBUG] [Engine] Generated LOD 2 for mesh TestMesh_21
17:36:40.421 [DEBUG] [Cache] Stored fallback entry, quality level: 3
17:36:40.421 [DEBUG] [Engine] Generated LOD 3 for mesh TestMesh_21
17:36:40.421 [INFO ] [Engine] Created mesh 'TestMesh_21' with 8 vertices
17:36:40.421 [DEBUG] [Cache] Stored entry for key, size: 240 bytes
17:36:40.421 [DEBUG] [Cache] Stored fallback entry, quality level: 1
17:36:40.421 [DEBUG] [Engine] Generated LOD 1 for mesh TestMesh_22
17:36:40.421 [DEBUG] [Cache] Stored fallback entry, quality level: 2
17:36:40.421 [DEBUG] [Engine] Generated LOD 2 for mesh TestMesh_22
17:36:40.421 [DEBUG] [Cache] Stored fallback entry, quality level: 3
17:36:40.421 [DEBUG] [Engine] Generated LOD 3 for mesh TestMesh_22
17:36:40.421 [INFO ] [Engine] Created mesh 'TestMesh_22' with 8 vertices
17:36:40.421 [DEBUG] [Cache] Stored entry for key, size: 240 bytes
17:36:40.421 [DEBUG] [Cache] Stored fallback entry, quality level: 1
17:36:40.421 [DEBUG] [Engine] Generated LOD 1 for mesh TestMesh_23
17:36:40.421 [DEBUG] [Cache] Stored fallback entry, quality level: 2
17:36:40.421 [DEBUG] [Engine] Generated LOD 2 for mesh TestMesh_23
17:36:40.421 [DEBUG] [Cache] Stored fallback entry, quality level: 3
17:36:40.421 [DEBUG] [Engine] Generated LOD 3 for mesh TestMesh_23
17:36:40.421 [INFO ] [Engine] Created mesh 'TestMesh_23' with 8 vertices
17:36:40.421 [DEBUG] [Cache] Stored entry for key, size: 240 bytes
17:36:40.421 [DEBUG] [Cache] Stored fallback entry, quality level: 1
17:36:40.421 [DEBUG] [Engine] Generated LOD 1 for mesh TestMesh_24
17:36:40.421 [DEBUG] [Cache] Stored fallback entry, quality level: 2
17:36:40.421 [DEBUG] [Engine] Generated LOD 2 for mesh TestMesh_24
17:36:40.421 [DEBUG] [Cache] Stored fallback entry, quality level: 3
17:36:40.421 [DEBUG] [Engine] Generated LOD 3 for mesh TestMesh_24
17:36:40.421 [INFO ] [Engine] Created mesh 'TestMesh_24' with 8 vertices
17:36:40.421 [DEBUG] [Cache] Stored entry for key, size: 240 bytes
17:36:40.421 [DEBUG] [Cache] Stored fallback entry, quality level: 1
17:36:40.421 [DEBUG] [Engine] Generated LOD 1 for mesh TestMesh_25
17:36:40.421 [DEBUG] [Cache] Stored fallback entry, quality level: 2
17:36:40.421 [DEBUG] [Engine] Generated LOD 2 for mesh TestMesh_25
17:36:40.421 [DEBUG] [Cache] Stored fallback entry, quality level: 3
17:36:40.421 [DEBUG] [Engine] Generated LOD 3 for mesh TestMesh_25
17:36:40.421 [INFO ] [Engine] Created mesh 'TestMesh_25' with 8 vertices
17:36:40.421 [DEBUG] [Cache] Stored entry for key, size: 240 bytes
17:36:40.421 [DEBUG] [Cache] Stored fallback entry, quality level: 1
17:36:40.421 [DEBUG] [Engine] Generated LOD 1 for mesh TestMesh_26
17:36:40.421 [DEBUG] [Cache] Stored fallback entry, quality level: 2
17:36:40.421 [DEBUG] [Engine] Generated LOD 2 for mesh TestMesh_26
17:36:40.421 [DEBUG] [Cache] Stored fallback entry, quality level: 3
17:36:40.421 [DEBUG] [Engine] Generated LOD 3 for mesh TestMesh_26
17:36:40.421 [INFO ] [Engine] Created mesh 'TestMesh_26' with 8 vertices
17:36:40.421 [DEBUG] [Cache] Stored entry for key, size: 240 bytes
17:36:40.421 [DEBUG] [Cache] Stored fallback entry, quality level: 1
17:36:40.421 [DEBUG] [Engine] Generated LOD 1 for mesh TestMesh_27
17:36:40.421 [DEBUG] [Cache] Stored fallback entry, quality level: 2
17:36:40.421 [DEBUG] [Engine] Generated LOD 2 for mesh TestMesh_27
17:36:40.421 [DEBUG] [Cache] Stored fallback entry, quality level: 3
17:36:40.421 [DEBUG] [Engine] Generated LOD 3 for mesh TestMesh_27
17:36:40.421 [INFO ] [Engine] Created mesh 'TestMesh_27' with 8 vertices
17:36:40.421 [DEBUG] [Cache] Stored entry for key, size: 240 bytes
17:36:40.421 [DEBUG] [Cache] Stored fallback entry, quality level: 1
17:36:40.421 [DEBUG] [Engine] Generated LOD 1 for mesh TestMesh_28
17:36:40.421 [DEBUG] [Cache] Stored fallback entry, quality level: 2
17:36:40.421 [DEBUG] [Engine] Generated LOD 2 for mesh TestMesh_28
17:36:40.421 [DEBUG] [Cache] Stored fallback entry, quality level: 3
17:36:40.421 [DEBUG] [Engine] Generated LOD 3 for mesh TestMesh_28
17:36:40.421 [INFO ] [Engine] Created mesh 'TestMesh_28' with 8 vertices
17:36:40.421 [DEBUG] [Cache] Stored entry for key, size: 240 bytes
17:36:40.421 [DEBUG] [Cache] Stored fallback entry, quality level: 1
17:36:40.421 [DEBUG] [Engine] Generated LOD 1 for mesh TestMesh_29
17:36:40.421 [DEBUG] [Cache] Stored fallback entry, quality level: 2
17:36:40.421 [DEBUG] [Engine] Generated LOD 2 for mesh TestMesh_29
17:36:40.421 [DEBUG] [Cache] Stored fallback entry, quality level: 3
17:36:40.421 [DEBUG] [Engine] Generated LOD 3 for mesh TestMesh_29
17:36:40.421 [INFO ] [Engine] Created mesh 'TestMesh_29' with 8 vertices
17:36:40.421 [DEBUG] [Cache] Stored entry for key, size: 240 bytes
17:36:40.421 [DEBUG] [Cache] Stored fallback entry, quality level: 1
17:36:40.421 [DEBUG] [Engine] Generated LOD 1 for mesh TestMesh_30
17:36:40.421 [DEBUG] [Cache] Stored fallback entry, quality level: 2
17:36:40.421 [DEBUG] [Engine] Generated LOD 2 for mesh TestMesh_30
17:36:40.421 [DEBUG] [Cache] Stored fallback entry, quality level: 3
17:36:40.421 [DEBUG] [Engine] Generated LOD 3 for mesh TestMesh_30
17:36:40.421 [INFO ] [Engine] Created mesh 'TestMesh_30' with 8 vertices
17:36:40.421 [DEBUG] [Cache] Stored entry for key, size: 240 bytes
17:36:40.421 [DEBUG] [Cache] Stored fallback entry, quality level: 1
17:36:40.421 [DEBUG] [Engine] Generated LOD 1 for mesh TestMesh_31
17:36:40.421 [DEBUG] [Cache] Stored fallback entry, quality level: 2
17:36:40.421 [DEBUG] [Engine] Generated LOD 2 for mesh TestMesh_31
17:36:40.421 [DEBUG] [Cache] Stored fallback entry, quality level: 3
17:36:40.421 [DEBUG] [Engine] Generated LOD 3 for mesh TestMesh_31
17:36:40.421 [INFO ] [Engine] Created mesh 'TestMesh_31' with 8 vertices
17:36:40.421 [DEBUG] [Cache] Stored entry for key, size: 240 bytes
17:36:40.421 [DEBUG] [Cache] Stored fallback entry, quality level: 1
17:36:40.421 [DEBUG] [Engine] Generated LOD 1 for mesh TestMesh_32
17:36:40.421 [DEBUG] [Cache] Stored fallback entry, quality level: 2
17:36:40.421 [DEBUG] [Engine] Generated LOD 2 for mesh TestMesh_32
17:36:40.421 [DEBUG] [Cache] Stored fallback entry, quality level: 3
17:36:40.421 [DEBUG] [Engine] Generated LOD 3 for mesh TestMesh_32
17:36:40.421 [INFO ] [Engine] Created mesh 'TestMesh_32' with 8 vertices
17:36:40.421 [DEBUG] [Cache] Stored entry for key, size: 240 bytes
17:36:40.421 [DEBUG] [Cache] Stored fallback entry, quality level: 1
17:36:40.421 [DEBUG] [Engine] Generated LOD 1 for mesh TestMesh_33
17:36:40.421 [DEBUG] [Cache] Stored fallback entry, quality level: 2
17:36:40.421 [DEBUG] [Engine] Generated LOD 2 for mesh TestMesh_33
17:36:40.421 [DEBUG] [Cache] Stored fallback entry, quality level: 3
17:36:40.421 [DEBUG] [Engine] Generated LOD 3 for mesh TestMesh_33
17:36:40.421 [INFO ] [Engine] Created mesh 'TestMesh_33' with 8 vertices
17:36:40.421 [DEBUG] [Cache] Stored entry for key, size: 240 bytes
17:36:40.421 [DEBUG] [Cache] Stored fallback entry, quality level: 1
17:36:40.421 [DEBUG] [Engine] Generated LOD 1 for mesh TestMesh_34
17:36:40.421 [DEBUG] [Cache] Stored fallback entry, quality level: 2
17:36:40.421 [DEBUG] [Engine] Generated LOD 2 for mesh TestMesh_34
17:36:40.421 [DEBUG] [Cache] Stored fallback entry, quality level: 3
17:36:40.421 [DEBUG] [Engine] Generated LOD 3 for mesh TestMesh_34
17:36:40.421 [INFO ] [Engine] Created mesh 'TestMesh_34' with 8 vertices
17:36:40.421 [DEBUG] [Cache] Stored entry for key, size: 240 bytes
17:36:40.421 [DEBUG] [Cache] Stored fallback entry, quality level: 1
17:36:40.421 [DEBUG] [Engine] Generated LOD 1 for mesh TestMesh_35
17:36:40.421 [DEBUG] [Cache] Stored fallback entry, quality level: 2
17:36:40.421 [DEBUG] [Engine] Generated LOD 2 for mesh TestMesh_35
17:36:40.421 [DEBUG] [Cache] Stored fallback entry, quality level: 3
17:36:40.421 [DEBUG] [Engine] Generated LOD 3 for mesh TestMesh_35
17:36:40.421 [INFO ] [Engine] Created mesh 'TestMesh_35' with 8 vertices
17:36:40.421 [DEBUG] [Cache] Stored entry for key, size: 240 bytes
17:36:40.421 [DEBUG] [Cache] Stored fallback entry, quality level: 1
17:36:40.421 [DEBUG] [Engine] Generated LOD 1 for mesh TestMesh_36
17:36:40.421 [DEBUG] [Cache] Stored fallback entry, quality level: 2
17:36:40.421 [DEBUG] [Engine] Generated LOD 2 for mesh TestMesh_36
17:36:40.421 [DEBUG] [Cache] Stored fallback entry, quality level: 3
17:36:40.421 [DEBUG] [Engine] Generated LOD 3 for mesh TestMesh_36
17:36:40.421 [INFO ] [Engine] Created mesh 'TestMesh_36' with 8 vertices
17:36:40.421 [DEBUG] [Cache] Stored entry for key, size: 240 bytes
17:36:40.421 [DEBUG] [Cache] Stored fallback entry, quality level: 1
17:36:40.421 [DEBUG] [Engine] Generated LOD 1 for mesh TestMesh_37
17:36:40.421 [DEBUG] [Cache] Stored fallback entry, quality level: 2
17:36:40.421 [DEBUG] [Engine] Generated LOD 2 for mesh TestMesh_37
17:36:40.421 [DEBUG] [Cache] Stored fallback entry, quality level: 3
17:36:40.421 [DEBUG] [Engine] Generated LOD 3 for mesh TestMesh_37
17:36:40.421 [INFO ] [Engine] Created mesh 'TestMesh_37' with 8 vertices
17:36:40.421 [DEBUG] [Cache] Stored entry for key, size: 240 bytes
17:36:40.421 [DEBUG] [Cache] Stored fallback entry, quality level: 1
17:36:40.421 [DEBUG] [Engine] Generated LOD 1 for mesh TestMesh_38
17:36:40.421 [DEBUG] [Cache] Stored fallback entry, quality level: 2
17:36:40.421 [DEBUG] [Engine] Generated LOD 2 for mesh TestMesh_38
17:36:40.421 [DEBUG] [Cache] Stored fallback entry, quality level: 3
17:36:40.421 [DEBUG] [Engine] Generated LOD 3 for mesh TestMesh_38
17:36:40.421 [INFO ] [Engine] Created mesh 'TestMesh_38' with 8 vertices
17:36:40.421 [DEBUG] [Cache] Stored entry for key, size: 240 bytes
17:36:40.421 [DEBUG] [Cache] Stored fallback entry, quality level: 1
17:36:40.421 [DEBUG] [Engine] Generated LOD 1 for mesh TestMesh_39
17:36:40.421 [DEBUG] [Cache] Stored fallback entry, quality level: 2
17:36:40.421 [DEBUG] [Engine] Generated LOD 2 for mesh TestMesh_39
17:36:40.421 [DEBUG] [Cache] Stored fallback entry, quality level: 3
17:36:40.421 [DEBUG] [Engine] Generated LOD 3 for mesh TestMesh_39
17:36:40.421 [INFO ] [Engine] Created mesh 'TestMesh_39' with 8 vertices
17:36:40.421 [DEBUG] [Cache] Stored entry for key, size: 240 bytes
17:36:40.421 [DEBUG] [Cache] Stored fallback entry, quality level: 1
17:36:40.421 [DEBUG] [Engine] Generated LOD 1 for mesh TestMesh_40
17:36:40.421 [DEBUG] [Cache] Stored fallback entry, quality level: 2
17:36:40.421 [DEBUG] [Engine] Generated LOD 2 for mesh TestMesh_40
17:36:40.421 [DEBUG] [Cache] Stored fallback entry, quality level: 3
17:36:40.421 [DEBUG] [Engine] Generated LOD 3 for mesh TestMesh_40
17:36:40.421 [INFO ] [Engine] Created mesh 'TestMesh_40' with 8 vertices
17:36:40.421 [DEBUG] [Cache] Stored entry for key, size: 240 bytes
17:36:40.421 [DEBUG] [Cache] Stored fallback entry, quality level: 1
17:36:40.421 [DEBUG] [Engine] Generated LOD 1 for mesh TestMesh_41
17:36:40.421 [DEBUG] [Cache] Stored fallback entry, quality level: 2
17:36:40.421 [DEBUG] [Engine] Generated LOD 2 for mesh TestMesh_41
17:36:40.421 [DEBUG] [Cache] Stored fallback entry, quality level: 3
17:36:40.421 [DEBUG] [Engine] Generated LOD 3 for mesh TestMesh_41
17:36:40.421 [INFO ] [Engine] Created mesh 'TestMesh_41' with 8 vertices
17:36:40.421 [DEBUG] [Cache] Stored entry for key, size: 240 bytes
17:36:40.421 [DEBUG] [Cache] Stored fallback entry, quality level: 1
17:36:40.421 [DEBUG] [Engine] Generated LOD 1 for mesh TestMesh_42
17:36:40.422 [DEBUG] [Cache] Stored fallback entry, quality level: 2
17:36:40.422 [DEBUG] [Engine] Generated LOD 2 for mesh TestMesh_42
17:36:40.422 [DEBUG] [Cache] Stored fallback entry, quality level: 3
17:36:40.422 [DEBUG] [Engine] Generated LOD 3 for mesh TestMesh_42
17:36:40.422 [INFO ] [Engine] Created mesh 'TestMesh_42' with 8 vertices
17:36:40.422 [DEBUG] [Cache] Stored entry for key, size: 240 bytes
17:36:40.422 [DEBUG] [Cache] Stored fallback entry, quality level: 1
17:36:40.422 [DEBUG] [Engine] Generated LOD 1 for mesh TestMesh_43
17:36:40.422 [DEBUG] [Cache] Stored fallback entry, quality level: 2
17:36:40.422 [DEBUG] [Engine] Generated LOD 2 for mesh TestMesh_43
17:36:40.422 [DEBUG] [Cache] Stored fallback entry, quality level: 3
17:36:40.422 [DEBUG] [Engine] Generated LOD 3 for mesh TestMesh_43
17:36:40.422 [INFO ] [Engine] Created mesh 'TestMesh_43' with 8 vertices
17:36:40.422 [DEBUG] [Cache] Stored entry for key, size: 240 bytes
17:36:40.422 [DEBUG] [Cache] Stored fallback entry, quality level: 1
17:36:40.422 [DEBUG] [Engine] Generated LOD 1 for mesh TestMesh_44
17:36:40.422 [DEBUG] [Cache] Stored fallback entry, quality level: 2
17:36:40.422 [DEBUG] [Engine] Generated LOD 2 for mesh TestMesh_44
17:36:40.422 [DEBUG] [Cache] Stored fallback entry, quality level: 3
17:36:40.422 [DEBUG] [Engine] Generated LOD 3 for mesh TestMesh_44
17:36:40.422 [INFO ] [Engine] Created mesh 'TestMesh_44' with 8 vertices
17:36:40.422 [DEBUG] [Cache] Stored entry for key, size: 240 bytes
17:36:40.422 [DEBUG] [Cache] Stored fallback entry, quality level: 1
17:36:40.422 [DEBUG] [Engine] Generated LOD 1 for mesh TestMesh_45
17:36:40.422 [DEBUG] [Cache] Stored fallback entry, quality level: 2
17:36:40.422 [DEBUG] [Engine] Generated LOD 2 for mesh TestMesh_45
17:36:40.422 [DEBUG] [Cache] Stored fallback entry, quality level: 3
17:36:40.422 [DEBUG] [Engine] Generated LOD 3 for mesh TestMesh_45
17:36:40.422 [INFO ] [Engine] Created mesh 'TestMesh_45' with 8 vertices
17:36:40.422 [DEBUG] [Cache] Stored entry for key, size: 240 bytes
17:36:40.422 [DEBUG] [Cache] Stored fallback entry, quality level: 1
17:36:40.422 [DEBUG] [Engine] Generated LOD 1 for mesh TestMesh_46
17:36:40.422 [DEBUG] [Cache] Stored fallback entry, quality level: 2
17:36:40.422 [DEBUG] [Engine] Generated LOD 2 for mesh TestMesh_46
17:36:40.422 [DEBUG] [Cache] Stored fallback entry, quality level: 3
17:36:40.422 [DEBUG] [Engine] Generated LOD 3 for mesh TestMesh_46
17:36:40.422 [INFO ] [Engine] Created mesh 'TestMesh_46' with 8 vertices
17:36:40.422 [DEBUG] [Cache] Stored entry for key, size: 240 bytes
17:36:40.422 [DEBUG] [Cache] Stored fallback entry, quality level: 1
17:36:40.422 [DEBUG] [Engine] Generated LOD 1 for mesh TestMesh_47
17:36:40.422 [DEBUG] [Cache] Stored fallback entry, quality level: 2
17:36:40.422 [DEBUG] [Engine] Generated LOD 2 for mesh TestMesh_47
17:36:40.422 [DEBUG] [Cache] Stored fallback entry, quality level: 3
17:36:40.422 [DEBUG] [Engine] Generated LOD 3 for mesh TestMesh_47
17:36:40.422 [INFO ] [Engine] Created mesh 'TestMesh_47' with 8 vertices
17:36:40.422 [DEBUG] [Cache] Stored entry for key, size: 240 bytes
17:36:40.422 [DEBUG] [Cache] Stored fallback entry, quality level: 1
17:36:40.422 [DEBUG] [Engine] Generated LOD 1 for mesh TestMesh_48
17:36:40.422 [DEBUG] [Cache] Stored fallback entry, quality level: 2
17:36:40.422 [DEBUG] [Engine] Generated LOD 2 for mesh TestMesh_48
17:36:40.422 [DEBUG] [Cache] Stored fallback entry, quality level: 3
17:36:40.422 [DEBUG] [Engine] Generated LOD 3 for mesh TestMesh_48
17:36:40.422 [INFO ] [Engine] Created mesh 'TestMesh_48' with 8 vertices
17:36:40.422 [DEBUG] [Cache] Stored entry for key, size: 240 bytes
17:36:40.422 [DEBUG] [Cache] Stored fallback entry, quality level: 1
17:36:40.422 [DEBUG] [Engine] Generated LOD 1 for mesh TestMesh_49
17:36:40.422 [DEBUG] [Cache] Stored fallback entry, quality level: 2
17:36:40.422 [DEBUG] [Engine] Generated LOD 2 for mesh TestMesh_49
17:36:40.422 [DEBUG] [Cache] Stored fallback entry, quality level: 3
17:36:40.422 [DEBUG] [Engine] Generated LOD 3 for mesh TestMesh_49
17:36:40.422 [INFO ] [Engine] Created mesh 'TestMesh_49' with 8 vertices
17:36:40.422 [DEBUG] [Main] Successfully retrieved mesh: TestMesh_0
17:36:40.422 [DEBUG] [Main] Successfully retrieved mesh: TestMesh_1
17:36:40.422 [DEBUG] [Main] Successfully retrieved mesh: TestMesh_2
17:36:40.422 [DEBUG] [Main] Successfully retrieved mesh: TestMesh_3
17:36:40.422 [DEBUG] [Main] Successfully retrieved mesh: TestMesh_4
17:36:40.422 [DEBUG] [Main] Successfully retrieved mesh: TestMesh_5
17:36:40.422 [DEBUG] [Main] Successfully retrieved mesh: TestMesh_6
17:36:40.422 [DEBUG] [Main] Successfully retrieved mesh: TestMesh_7
17:36:40.422 [DEBUG] [Main] Successfully retrieved mesh: TestMesh_8
17:36:40.422 [DEBUG] [Main] Successfully retrieved mesh: TestMesh_9
17:36:40.422 [DEBUG] [Main] Successfully retrieved mesh: TestMesh_10
17:36:40.422 [DEBUG] [Main] Successfully retrieved mesh: TestMesh_11
17:36:40.422 [DEBUG] [Main] Successfully retrieved mesh: TestMesh_12
17:36:40.422 [DEBUG] [Main] Successfully retrieved mesh: TestMesh_13
17:36:40.422 [DEBUG] [Main] Successfully retrieved mesh: TestMesh_14
17:36:40.422 [DEBUG] [Main] Successfully retrieved mesh: TestMesh_15
17:36:40.422 [DEBUG] [Main] Successfully retrieved mesh: TestMesh_16
17:36:40.422 [DEBUG] [Main] Successfully retrieved mesh: TestMesh_17
17:36:40.422 [DEBUG] [Main] Successfully retrieved mesh: TestMesh_18
17:36:40.422 [DEBUG] [Main] Successfully retrieved mesh: TestMesh_19
17:36:40.422 [DEBUG] [Main] Successfully retrieved mesh: TestMesh_20
17:36:40.422 [DEBUG] [Main] Successfully retrieved mesh: TestMesh_21
17:36:40.422 [DEBUG] [Main] Successfully retrieved mesh: TestMesh_22
17:36:40.422 [DEBUG] [Main] Successfully retrieved mesh: TestMesh_23
17:36:40.422 [DEBUG] [Main] Successfully retrieved mesh: TestMesh_24
17:36:40.422 [DEBUG] [Main] Successfully retrieved mesh: TestMesh_25
17:36:40.422 [DEBUG] [Main] Successfully retrieved mesh: TestMesh_26
17:36:40.422 [DEBUG] [Main] Successfully retrieved mesh: TestMesh_27
17:36:40.422 [DEBUG] [Main] Successfully retrieved mesh: TestMesh_28
17:36:40.422 [DEBUG] [Main] Successfully retrieved mesh: TestMesh_29
17:36:40.422 [DEBUG] [Main] Successfully retrieved mesh: TestMesh_30
17:36:40.422 [DEBUG] [Main] Successfully retrieved mesh: TestMesh_31
17:36:40.422 [DEBUG] [Main] Successfully retrieved mesh: TestMesh_32
17:36:40.422 [DEBUG] [Main] Successfully retrieved mesh: TestMesh_33
17:36:40.422 [DEBUG] [Main] Successfully retrieved mesh: TestMesh_34
17:36:40.422 [DEBUG] [Main] Successfully retrieved mesh: TestMesh_35
17:36:40.422 [DEBUG] [Main] Successfully retrieved mesh: TestMesh_36
17:36:40.422 [DEBUG] [Main] Successfully retrieved mesh: TestMesh_37
17:36:40.422 [DEBUG] [Main] Successfully retrieved mesh: TestMesh_38
17:36:40.422 [DEBUG] [Main] Successfully retrieved mesh: TestMesh_39
17:36:40.422 [DEBUG] [Main] Successfully retrieved mesh: TestMesh_40
17:36:40.422 [DEBUG] [Main] Successfully retrieved mesh: TestMesh_41
17:36:40.422 [DEBUG] [Main] Successfully retrieved mesh: TestMesh_42
17:36:40.422 [DEBUG] [Main] Successfully retrieved mesh: TestMesh_43
17:36:40.422 [DEBUG] [Main] Successfully retrieved mesh: TestMesh_44
17:36:40.422 [DEBUG] [Main] Successfully retrieved mesh: TestMesh_45
17:36:40.422 [DEBUG] [Main] Successfully retrieved mesh: TestMesh_46
17:36:40.422 [DEBUG] [Main] Successfully retrieved mesh: TestMesh_47
17:36:40.422 [DEBUG] [Main] Successfully retrieved mesh: TestMesh_48
17:36:40.422 [DEBUG] [Main] Successfully retrieved mesh: TestMesh_49
17:36:40.422 [INFO ] [Main] Running engine simulation...
17:36:40.486 [DEBUG] [Engine] Frame 60, Cache hit ratio: 1.000000
17:36:40.551 [DEBUG] [Engine] Frame 120, Cache hit ratio: 1.000000
17:36:40.552 [INFO ] [Main] Engine simulation complete
17:36:40.552 [INFO ] [Main] === Final Statistics ===
17:36:40.552 [INFO ] [Main] Frames processed: 120
17:36:40.552 [INFO ] [Main] Mesh cache entries: 51
17:36:40.552 [INFO ] [Main] Mesh cache hit ratio: 1.000000
17:36:40.552 [INFO ] [Main] Fallback cache hits: 0
17:36:40.552 [INFO ] [Main] Total memory usage: 79 KB
17:36:40.552 [INFO ] [Engine] Shutting down PIX Engine...
17:36:40.552 [INFO ] [Engine] === Final Engine Statistics ===
17:36:40.552 [INFO ] [Engine] Total frames: 120
17:36:40.552 [INFO ] [Engine] Mesh Cache - Entries: 51, Hit ratio: 1.000000, Memory: 79 KB
17:36:40.552 [INFO ] [Profiler] === Performance Report ===
17:36:40.552 [INFO ] [Profiler] Engine::getMesh: 62 calls, avg: 0ms, min: 0ms, max: 0ms, total: 0ms
17:36:40.552 [INFO ] [Profiler] Engine::update: 120 calls, avg: 0ms, min: 0ms, max: 0ms, total: 0ms
17:36:40.552 [INFO ] [Profiler] Engine::createMesh: 51 calls, avg: 0ms, min: 0ms, max: 0ms, total: 0ms
17:36:40.552 [INFO ] [Profiler] Engine::initialize: 1 calls, avg: 0ms, min: 0ms, max: 0ms, total: 0ms
17:36:40.552 [INFO ] [Profiler] test_operation: 1 calls, avg: 10ms, min: 10ms, max: 10ms, total: 10ms
17:36:40.552 [INFO ] [Engine] Engine shutdown complete
17:36:40.552 [INFO ] [Main] === PIX ENGINE ULTIMATE v6.0 DEMONSTRATION COMPLETE ===
17:36:40.552 [INFO ] [Main] ✅ Unit Testing Framework: Comprehensive test coverage
17:36:40.552 [INFO ] [Main] ✅ Fallback Cache System: Intelligent LOD and memory management
17:36:40.552 [INFO ] [Main] ✅ Production Logging: Multi-level structured logging
17:36:40.552 [INFO ] [Main] ✅ Performance Profiling: Real-time performance monitoring
17:36:40.552 [INFO ] [Main] ✅ Error Handling: Robust Result<T> error management
17:36:40.552 [INFO ] [Main] ✅ Memory Management: RAII and smart pointers throughout
17:36:40.552 [INFO ] [Main] ✅ Cross-platform: Modern C++20 standards compliance
17:36:40.552 [INFO ] [Main] ✅ Zero Dependencies: Standalone, no external libs needed
